<?xml version='1.0' encoding='UTF-8'?>
<testsuite hostname="INL-DYS2T02" name="com.quickstartall.akka.iot.DeviceTest" tests="13" errors="0" failures="0" skipped="0" time="2.498">
                     <properties>
[...]
</properties>
                     <testcase classname="com.quickstartall.akka.iot.DeviceTest" name="A device should reply with latest temperature reading" time="0.078">
                                                 
                                               </testcase><testcase classname="com.quickstartall.akka.iot.DeviceTest" name="A Device should reply to registration requests" time="0.015">
                                                 
                                               </testcase><testcase classname="com.quickstartall.akka.iot.DeviceTest" name="A DeviceManager should be able to register a device actor" time="0.032">
                                                 
                                               </testcase><testcase classname="com.quickstartall.akka.iot.DeviceTest" name="A DeviceManager should ignore wrong registration requests" time="1.045">
                                                 
                                               </testcase><testcase classname="com.quickstartall.akka.iot.DeviceTest" name="A DeviceManager should return same actor for same deviceId" time="0.015">
                                                 
                                               </testcase><testcase classname="com.quickstartall.akka.iot.DeviceTest" name="A DeviceManager should be able to list active devices" time="0.016">
                                                 
                                               </testcase><testcase classname="com.quickstartall.akka.iot.DeviceTest" name="A DeviceManager should be able to list active devices after one shuts down" time="0.031">
                                                 
                                               </testcase><testcase classname="com.quickstartall.akka.iot.DeviceTest" name="A DeviceQueryGroup should return temperature value for working devices" time="0.047">
                                                 
                                               </testcase><testcase classname="com.quickstartall.akka.iot.DeviceTest" name="A DeviceQueryGroup should return TemperatureNotAvailable for devices with no readings" time="0.046">
                                                 
                                               </testcase><testcase classname="com.quickstartall.akka.iot.DeviceTest" name="A DeviceQueryGroup should return DeviceNotAvailable if device stops before answering" time="0.05">
                                                 
                                               </testcase><testcase classname="com.quickstartall.akka.iot.DeviceTest" name="A DeviceGroupQuery should return temperature reading even if device stops after answering" time="0.047">
                                                 
                                               </testcase><testcase classname="com.quickstartall.akka.iot.DeviceTest" name="A DeviceGroupQuery should return DeviceTimedOut if device does not answer in time" time="1.045">
                                                 
                                               </testcase><testcase classname="com.quickstartall.akka.iot.DeviceTest" name="A DeviceGroupQuery should be able to collect temperatures from all active devices" time="0.031">
                                                 
                                               </testcase>
                     <system-out></system-out>
                     <system-err></system-err>
                   </testsuite>